
Start,13:41:01,2022-04-11

Up,13:41:04,2022-04-11
Down,Ethernet cable disconnected!,13:42:06,2022-04-11
Up,13:48:15,2022-04-11
Down,Ethernet cable disconnected!,13:58:11,2022-04-11
Up,13:58:28,2022-04-11
Start,14:04:01,2022-04-11

Up,14:04:04,2022-04-11
Start,14:08:01,2022-04-11

Up,14:08:04,2022-04-11
Down,Ethernet cable disconnected!,14:23:06,2022-04-11
Up,14:25:30,2022-04-11
Start,14:33:01,2022-04-11

Up,14:33:04,2022-04-11
Down,Ethernet cable disconnected!,14:37:06,2022-04-11
Up,14:41:02,2022-04-11
Start,23:47:01,2022-04-11

Up,23:47:03,2022-04-11
Start,00:02:01,2022-04-12

Up,00:02:03,2022-04-12
Down,Ethernet cable disconnected!,00:04:05,2022-04-12
Up,00:04:37,2022-04-12
Down,Ethernet cable disconnected!,09:01:40,2022-04-12
Up,12:35:23,2022-04-12
Start,23:35:01,2022-04-12

Up,23:35:03,2022-04-12
Down,Ethernet caDown,Ethernet cable disconnected!,00:
Up,00:06:03,2022-04-13
Down,Failed to resolve hostname!,00:18:11,2022-04-13
Up,00:18:43,2022-04-13
Down,Failed to resolve hostname!,00:20:49,2022-04-13
Up,00:21:21,2022-04-13
Down,Failed to resolve hostname!,00:25:28,2022-04-13
Up,00:26:00,2022-04-13
Down,Failed to resolve hostname!,00:28:07,2022-04-13
Up,00:28:39,2022-04-13
Down,Failed to resolve hostname!,00:38:47,2022-04-13
Up,00:39:24,2022-04-13
Down,Failed to resolve hostname!,00:45:31,2022-04-13
Up,00:46:03,2022-04-13
Down,Failed to resolve hostname!,00:48:10,2022-04-13
Up,00:48:42,2022-04-13
Down,Failed to resolve hostname!,00:52:49,2022-04-13
UUp,00:53:26,2022-04-1
Down,Failed to resolve hostname!,01:03:34,2022-04-13
Up,01:04:06,2022-04-13
Down,Failed to resolve hostname!,01:08:13,2022-04-13
Up,01:08:55,2022-04-13
Down,Failed to resolve hostname!,01:13:02,2022-04-13
Up,01:13:34,2022-04-13
Down,Failed to resolve hostname!,01:15:41,2022-04-13
Up,01:16:13,2022-04-13
Down,Failed to resolve hostname!,01:18:20,2022-04-13
Up,01:18:51,2022-04-13
Start,09:21:01,2022-04-13

Up,09:21:04,2022-04-13
Down,Ethernet cable disconnected!,15:39:52,2022-04-13
Up,15:40:23,2022-04-13
Down,Failed to resolve hostname!,15:42:31,2022-04-13
Up,15:43:10,2022-04-13
Start,16:04:01,2022-04-13

Up,16:04:04,2022-04-13
Down,Ethernet cable disconnected!,16:06:05,2022-04-13
Up,16:06:37,2022-04-13
Down,Failed to resolve hostname!,09:28:50,2022-04-14
Up,09:29:22,2022-04-14
Down,Failed to resolve hostname!,21:51:53,2022-04-15
Start,13:32:01,2022-04-16

Up,13:32:04,2022-04-16
Down,Ethernet cable disconnected!,10:20:41,2022-04-17
Up,10:23:15,2022-04-17
Down,Failed to resolve hostname!,10:25:24,2022-04-17
Up,10:31:06,2022-04-17
Start,10:50:01,2022-04-17

Up,10:50:04,2022-04-17
Start,11:02:01,2022-04-17

Up,11:02:04,2022-04-17
Down,Failed to resolve hostname!,16:19:37,2022-04-20
Up,16:20:35,2022-04-20
Start,16:38:01,2022-04-20

Up,16:38:04,2022-04-20
Start,16:39:01,2022-04-20

Up,16:39:04,2022-04-20
Down,Ethernet cable disconnected!,23:47:57,2022-04-20
Up,23:48:29,2022-04-20
Down,Failed to resolve hostname!,11:54:05,2022-04-21
Up,11:54:37,2022-04-21
